<?xml version="1.0" encoding="UTF-8"?>
<!-- Generated by org.testng.reporters.JUnitReportReporter -->
<testsuite hostname="INW1PF0TG7RQ" name="com.shiv.poojan.RestAPITest.TestNGRunner3" tests="1" failures="0" timestamp="9 Aug 2018 17:02:56 GMT" time="2.351" errors="0">
  <testcase name="feature" time="2.351" classname="com.shiv.poojan.RestAPITest.TestNGRunner3"/>
</testsuite> <!-- com.shiv.poojan.RestAPITest.TestNGRunner3 -->
