<?xml version="1.0" encoding="UTF-8"?>
<!-- Generated by org.testng.reporters.JUnitReportReporter -->
<testsuite hostname="INW1PF0TG7RQ" name="com.shiv.poojan.RestAPITest.TestNGRunner" tests="2" failures="0" timestamp="7 Aug 2018 05:40:05 GMT" time="14.873" errors="0">
  <testcase name="feature" time="7.308" classname="com.shiv.poojan.RestAPITest.TestNGRunner"/>
  <testcase name="feature" time="7.565" classname="com.shiv.poojan.RestAPITest.TestNGRunner"/>
</testsuite> <!-- com.shiv.poojan.RestAPITest.TestNGRunner -->
