<?xml version="1.0" encoding="UTF-8"?>
<!-- Generated by org.testng.reporters.JUnitReportReporter -->
<testsuite hostname="INW1PF0TG7RQ" name="com.shiv.poojan.RestAPITest.TestNGRunner2" tests="2" failures="0" timestamp="7 Aug 2018 05:40:05 GMT" time="13.713" errors="0">
  <testcase name="feature" time="5.735" classname="com.shiv.poojan.RestAPITest.TestNGRunner2"/>
  <testcase name="feature" time="7.978" classname="com.shiv.poojan.RestAPITest.TestNGRunner2"/>
</testsuite> <!-- com.shiv.poojan.RestAPITest.TestNGRunner2 -->
