<?xml version="1.0" encoding="UTF-8"?>
<testsuite xmlns:xsi="http://www.w3.org/2001/XMLSchema-instance" xsi:noNamespaceSchemaLocation="https://maven.apache.org/surefire/maven-surefire-plugin/xsd/surefire-test-report.xsd" name="com.shiv.poojan.RestAPITest.RunTest2" time="6.44" tests="0" errors="0" skipped="0" failures="0">
  <properties>
    <property name="sun.desktop" value="windows"/>
    <property name="awt.toolkit" value="sun.awt.windows.WToolkit"/>
    <property name="file.encoding.pkg" value="sun.io"/>
    <property name="java.specification.version" value="1.8"/>
    <property name="sun.cpu.isalist" value="amd64"/>
    <property name="sun.jnu.encoding" value="Cp1252"/>
    <property name="java.class.path" value="C:\Users\spoojan\eclipse-workspace1\com.shiv.poojan.qa\target\test-classes;C:\Users\spoojan\eclipse-workspace1\com.shiv.poojan.qa\target\classes;C:\Users\spoojan\.m2\repository\info\cukes\cucumber-java\1.2.4\cucumber-java-1.2.4.jar;C:\Users\spoojan\.m2\repository\info\cukes\cucumber-junit\1.2.4\cucumber-junit-1.2.4.jar;C:\Users\spoojan\.m2\repository\info\cukes\cucumber-core\1.2.4\cucumber-core-1.2.4.jar;C:\Users\spoojan\.m2\repository\info\cukes\cucumber-html\0.2.3\cucumber-html-0.2.3.jar;C:\Users\spoojan\.m2\repository\info\cukes\cucumber-jvm-deps\1.0.5\cucumber-jvm-deps-1.0.5.jar;C:\Users\spoojan\.m2\repository\info\cukes\gherkin\2.12.2\gherkin-2.12.2.jar;C:\Users\spoojan\.m2\repository\junit\junit\4.11\junit-4.11.jar;C:\Users\spoojan\.m2\repository\org\hamcrest\hamcrest-core\1.3\hamcrest-core-1.3.jar;C:\Users\spoojan\.m2\repository\info\cukes\cucumber-testng\1.2.5\cucumber-testng-1.2.5.jar;C:\Users\spoojan\.m2\repository\org\testng\testng\6.8\testng-6.8.jar;C:\Users\spoojan\.m2\repository\org\beanshell\bsh\2.0b4\bsh-2.0b4.jar;C:\Users\spoojan\.m2\repository\com\beust\jcommander\1.27\jcommander-1.27.jar;C:\Users\spoojan\.m2\repository\org\yaml\snakeyaml\1.6\snakeyaml-1.6.jar;C:\Users\spoojan\.m2\repository\org\apache\httpcomponents\httpclient\4.5.2\httpclient-4.5.2.jar;C:\Users\spoojan\.m2\repository\commons-logging\commons-logging\1.2\commons-logging-1.2.jar;C:\Users\spoojan\.m2\repository\commons-codec\commons-codec\1.9\commons-codec-1.9.jar;C:\Users\spoojan\.m2\repository\org\apache\httpcomponents\httpmime\4.5.2\httpmime-4.5.2.jar;C:\Users\spoojan\.m2\repository\com\infa\com.infa.products.security.httpsecurity\10.0.0.25.848-SNAPSHOT\com.infa.products.security.httpsecurity-10.0.0.25.848-SNAPSHOT.jar;C:\Users\spoojan\.m2\repository\com\infa\com.infa.products.i18n\10.0.0.168.848-SNAPSHOT\com.infa.products.i18n-10.0.0.168.848-SNAPSHOT.jar;C:\Users\spoojan\.m2\repository\log4j\log4j\1.2.12\log4j-1.2.12.jar;C:\Users\spoojan\.m2\repository\com\infa\com.infa.products.frameworks.exceptionframework\10.0.0.71.848-SNAPSHOT\com.infa.products.frameworks.exceptionframework-10.0.0.71.848-SNAPSHOT.jar;C:\Users\spoojan\.m2\repository\org\apache\httpcomponents\httpcore\4.4.1\httpcore-4.4.1.jar;C:\Users\spoojan\.m2\repository\org\json\json\20090211\json-20090211.jar;C:\Users\spoojan\.m2\repository\org\apache\maven\surefire\surefire-testng-utils\2.22.0\surefire-testng-utils-2.22.0.jar;C:\Users\spoojan\.m2\repository\org\apache\maven\surefire\surefire-grouper\2.22.0\surefire-grouper-2.22.0.jar;"/>
    <property name="java.vm.vendor" value="Oracle Corporation"/>
    <property name="sun.arch.data.model" value="64"/>
    <property name="user.variant" value=""/>
    <property name="java.vendor.url" value="http://java.oracle.com/"/>
    <property name="user.timezone" value="Asia/Calcutta"/>
    <property name="java.vm.specification.version" value="1.8"/>
    <property name="os.name" value="Windows 10"/>
    <property name="user.country" value="US"/>
    <property name="sun.java.launcher" value="SUN_STANDARD"/>
    <property name="sun.boot.library.path" value="C:\Program Files\Java\jdk1.8.0_144\jre\bin"/>
    <property name="sun.java.command" value="C:\Users\spoojan\AppData\Local\Temp\surefire6269513976832303229\surefirebooter4424186694840893032.jar C:\Users\spoojan\AppData\Local\Temp\surefire6269513976832303229 2018-08-07T23-05-55_837-jvmRun1 surefire3662428893679958450tmp surefire_08355164441751561066tmp"/>
    <property name="surefire.test.class.path" value="C:\Users\spoojan\eclipse-workspace1\com.shiv.poojan.qa\target\test-classes;C:\Users\spoojan\eclipse-workspace1\com.shiv.poojan.qa\target\classes;C:\Users\spoojan\.m2\repository\info\cukes\cucumber-java\1.2.4\cucumber-java-1.2.4.jar;C:\Users\spoojan\.m2\repository\info\cukes\cucumber-junit\1.2.4\cucumber-junit-1.2.4.jar;C:\Users\spoojan\.m2\repository\info\cukes\cucumber-core\1.2.4\cucumber-core-1.2.4.jar;C:\Users\spoojan\.m2\repository\info\cukes\cucumber-html\0.2.3\cucumber-html-0.2.3.jar;C:\Users\spoojan\.m2\repository\info\cukes\cucumber-jvm-deps\1.0.5\cucumber-jvm-deps-1.0.5.jar;C:\Users\spoojan\.m2\repository\info\cukes\gherkin\2.12.2\gherkin-2.12.2.jar;C:\Users\spoojan\.m2\repository\junit\junit\4.11\junit-4.11.jar;C:\Users\spoojan\.m2\repository\org\hamcrest\hamcrest-core\1.3\hamcrest-core-1.3.jar;C:\Users\spoojan\.m2\repository\info\cukes\cucumber-testng\1.2.5\cucumber-testng-1.2.5.jar;C:\Users\spoojan\.m2\repository\org\testng\testng\6.8\testng-6.8.jar;C:\Users\spoojan\.m2\repository\org\beanshell\bsh\2.0b4\bsh-2.0b4.jar;C:\Users\spoojan\.m2\repository\com\beust\jcommander\1.27\jcommander-1.27.jar;C:\Users\spoojan\.m2\repository\org\yaml\snakeyaml\1.6\snakeyaml-1.6.jar;C:\Users\spoojan\.m2\repository\org\apache\httpcomponents\httpclient\4.5.2\httpclient-4.5.2.jar;C:\Users\spoojan\.m2\repository\commons-logging\commons-logging\1.2\commons-logging-1.2.jar;C:\Users\spoojan\.m2\repository\commons-codec\commons-codec\1.9\commons-codec-1.9.jar;C:\Users\spoojan\.m2\repository\org\apache\httpcomponents\httpmime\4.5.2\httpmime-4.5.2.jar;C:\Users\spoojan\.m2\repository\com\infa\com.infa.products.security.httpsecurity\10.0.0.25.848-SNAPSHOT\com.infa.products.security.httpsecurity-10.0.0.25.848-SNAPSHOT.jar;C:\Users\spoojan\.m2\repository\com\infa\com.infa.products.i18n\10.0.0.168.848-SNAPSHOT\com.infa.products.i18n-10.0.0.168.848-SNAPSHOT.jar;C:\Users\spoojan\.m2\repository\log4j\log4j\1.2.12\log4j-1.2.12.jar;C:\Users\spoojan\.m2\repository\com\infa\com.infa.products.frameworks.exceptionframework\10.0.0.71.848-SNAPSHOT\com.infa.products.frameworks.exceptionframework-10.0.0.71.848-SNAPSHOT.jar;C:\Users\spoojan\.m2\repository\org\apache\httpcomponents\httpcore\4.4.1\httpcore-4.4.1.jar;C:\Users\spoojan\.m2\repository\org\json\json\20090211\json-20090211.jar;C:\Users\spoojan\.m2\repository\org\apache\maven\surefire\surefire-testng-utils\2.22.0\surefire-testng-utils-2.22.0.jar;C:\Users\spoojan\.m2\repository\org\apache\maven\surefire\surefire-grouper\2.22.0\surefire-grouper-2.22.0.jar;"/>
    <property name="sun.cpu.endian" value="little"/>
    <property name="user.home" value="C:\Users\spoojan"/>
    <property name="user.language" value="en"/>
    <property name="java.specification.vendor" value="Oracle Corporation"/>
    <property name="java.home" value="C:\Program Files\Java\jdk1.8.0_144\jre"/>
    <property name="basedir" value="C:\Users\spoojan\eclipse-workspace1\com.shiv.poojan.qa"/>
    <property name="file.separator" value="\"/>
    <property name="line.separator" value="&#10;"/>
    <property name="java.vm.specification.vendor" value="Oracle Corporation"/>
    <property name="java.specification.name" value="Java Platform API Specification"/>
    <property name="java.awt.graphicsenv" value="sun.awt.Win32GraphicsEnvironment"/>
    <property name="surefire.real.class.path" value="C:\Users\spoojan\AppData\Local\Temp\surefire6269513976832303229\surefirebooter4424186694840893032.jar"/>
    <property name="sun.boot.class.path" value="C:\Program Files\Java\jdk1.8.0_144\jre\lib\resources.jar;C:\Program Files\Java\jdk1.8.0_144\jre\lib\rt.jar;C:\Program Files\Java\jdk1.8.0_144\jre\lib\sunrsasign.jar;C:\Program Files\Java\jdk1.8.0_144\jre\lib\jsse.jar;C:\Program Files\Java\jdk1.8.0_144\jre\lib\jce.jar;C:\Program Files\Java\jdk1.8.0_144\jre\lib\charsets.jar;C:\Program Files\Java\jdk1.8.0_144\jre\lib\jfr.jar;C:\Program Files\Java\jdk1.8.0_144\jre\classes"/>
    <property name="user.script" value=""/>
    <property name="sun.management.compiler" value="HotSpot 64-Bit Tiered Compilers"/>
    <property name="java.runtime.version" value="1.8.0_144-b01"/>
    <property name="user.name" value="spoojan"/>
    <property name="path.separator" value=";"/>
    <property name="os.version" value="10.0"/>
    <property name="java.endorsed.dirs" value="C:\Program Files\Java\jdk1.8.0_144\jre\lib\endorsed"/>
    <property name="java.runtime.name" value="Java(TM) SE Runtime Environment"/>
    <property name="file.encoding" value="Cp1252"/>
    <property name="java.vm.name" value="Java HotSpot(TM) 64-Bit Server VM"/>
    <property name="localRepository" value="C:\Users\spoojan\.m2\repository"/>
    <property name="java.vendor.url.bug" value="http://bugreport.sun.com/bugreport/"/>
    <property name="java.io.tmpdir" value="C:\Users\spoojan\AppData\Local\Temp\"/>
    <property name="java.version" value="1.8.0_144"/>
    <property name="user.dir" value="C:\Users\spoojan\eclipse-workspace1\com.shiv.poojan.qa"/>
    <property name="os.arch" value="amd64"/>
    <property name="java.vm.specification.name" value="Java Virtual Machine Specification"/>
    <property name="java.awt.printerjob" value="sun.awt.windows.WPrinterJob"/>
    <property name="sun.os.patch.level" value=""/>
    <property name="java.library.path" value="C:\Program Files\Java\jdk1.8.0_144\jre\bin;C:\WINDOWS\Sun\Java\bin;C:\WINDOWS\system32;C:\WINDOWS;C:\Users\spoojan\bin;C:\Program Files\Git\mingw64\bin;C:\Program Files\Git\usr\local\bin;C:\Program Files\Git\usr\bin;C:\Program Files\Git\usr\bin;C:\Program Files\Git\mingw64\bin;C:\Program Files\Git\usr\bin;C:\Users\spoojan\bin;C:\Program Files (x86)\Google\Chrome\Application;C:\Program Files\Teradata\Client\15.10\bin;C:\Program Files (x86)\Teradata\Client\15.10\bin;C:\ProgramData\Oracle\Java\javapath;C:\WINDOWS\system32;C:\WINDOWS;C:\WINDOWS\System32\Wbem;C:\WINDOWS\System32\WindowsPowerShell\v1.0;C:\Program Files (x86)\WebEx\Productivity Tools;C:\Program Files\PuTTY;C:\Program Files\Perforce;C:\Program Files\Microsoft SQL Server\110\Tools\Binn;C:\Program Files (x86)\Sennheiser\SoftphoneSDK;C:\apache-maven-3.2.5\bin;C:\Program Files\Java\jdk1.8.0_144\bin;C:\Users\spoojan\AppData\Local\Microsoft\WindowsApps;C:\Program Files\Git\usr\bin\vendor_perl;C:\Program Files\Git\usr\bin\core_perl;."/>
    <property name="java.vm.info" value="mixed mode"/>
    <property name="java.vendor" value="Oracle Corporation"/>
    <property name="java.vm.version" value="25.144-b01"/>
    <property name="java.ext.dirs" value="C:\Program Files\Java\jdk1.8.0_144\jre\lib\ext;C:\WINDOWS\Sun\Java\lib\ext"/>
    <property name="sun.io.unicode.encoding" value="UnicodeLittle"/>
    <property name="java.class.version" value="52.0"/>
  </properties>
</testsuite>